Success (3):
content 8143 _a-0000e141-fcd0-8000-c17a-01ef9001ef90_46443 "AO Rules"
content 8144 _a-0000e141-fcd0-8000-c17a-01ef9001ef90_46448 "AO_rules"
application 8110 _a-0000e141-fcd0-8000-c17a-01ef9001ef90_46251 "App One Test"

Trace:
2018-08-28 19:40:16.332 DEBUG application 8110 _a-0000e141-fcd0-8000-c17a-01ef9001ef90_46251 Begin transport.
2018-08-28 19:40:16.332 DEBUG application 8110 _a-0000e141-fcd0-8000-c17a-01ef9001ef90_46251 Retrieving object data.
2018-08-28 19:40:16.359 DEBUG application 8110 _a-0000e141-fcd0-8000-c17a-01ef9001ef90_46251 App associated objects: [content=[_a-0000e141-fcd0-8000-c17a-01ef9001ef90_46443, _a-0000e141-fcd0-8000-c17a-01ef9001ef90_46448]]
2018-08-28 19:40:16.361 DEBUG application 8110 _a-0000e141-fcd0-8000-c17a-01ef9001ef90_46251 Invalid associated objects: []
2018-08-28 19:40:16.361 DEBUG application 8110 _a-0000e141-fcd0-8000-c17a-01ef9001ef90_46251 Adding valid associated objects to be exported: GlobalBindingMap[content={_a-0000e141-fcd0-8000-c17a-01ef9001ef90_46443=8143, _a-0000e141-fcd0-8000-c17a-01ef9001ef90_46448=8144}]
2018-08-28 19:40:16.361 DEBUG application 8110 _a-0000e141-fcd0-8000-c17a-01ef9001ef90_46251 Setting uuids of object references.
2018-08-28 19:40:16.361 DEBUG application 8110 _a-0000e141-fcd0-8000-c17a-01ef9001ef90_46251 Processing reference: Application.forum
2018-08-28 19:40:16.365 DEBUG application 8110 _a-0000e141-fcd0-8000-c17a-01ef9001ef90_46251 Processing reference: Application.parent
2018-08-28 19:40:16.377 DEBUG application 8110 _a-0000e141-fcd0-8000-c17a-01ef9001ef90_46251 Processing reference: com.appiancorp.suiteapi.content.ContentRoleMap@671aa4a7[
  ContentRole[name=readers,inherit=false,allowForAll=false]
  ContentRole[name=authors,inherit=false,allowForAll=false]
  ContentRole[name=administrators,inherit=false,allowForAll=false]
  ContentRole[name=denyReaders,inherit=false,allowForAll=false]
  ContentRole[name=denyAuthors,inherit=false,allowForAll=false]
  ContentRole[name=denyAdministrators,inherit=false,allowForAll=false]
  securityVector=1:SEC_PUBLIC=true,SEC_CREATOR_ADMIN=false,SEC_INH_ADMIN=false,SEC_INH_EDITOR=false,SEC_INH_VIEWER=false,SEC_ALL_ADMIN=false,SEC_ALL_EDITOR=false,SEC_ALL_VIEWER=false
]
2018-08-28 19:40:16.377 DEBUG application 8110 _a-0000e141-fcd0-8000-c17a-01ef9001ef90_46251 Processing reference: ContentRole[name=readers,inherit=false,allowForAll=false]
2018-08-28 19:40:16.377 DEBUG application 8110 _a-0000e141-fcd0-8000-c17a-01ef9001ef90_46251 Processing reference: ContentRole[name=authors,inherit=false,allowForAll=false]
2018-08-28 19:40:16.377 DEBUG application 8110 _a-0000e141-fcd0-8000-c17a-01ef9001ef90_46251 Processing reference: ContentRole[name=administrators,inherit=false,allowForAll=false]
2018-08-28 19:40:16.377 DEBUG application 8110 _a-0000e141-fcd0-8000-c17a-01ef9001ef90_46251 Processing reference: ContentRole[name=denyReaders,inherit=false,allowForAll=false]
2018-08-28 19:40:16.377 DEBUG application 8110 _a-0000e141-fcd0-8000-c17a-01ef9001ef90_46251 Processing reference: ContentRole[name=denyAuthors,inherit=false,allowForAll=false]
2018-08-28 19:40:16.377 DEBUG application 8110 _a-0000e141-fcd0-8000-c17a-01ef9001ef90_46251 Processing reference: ContentRole[name=denyAdministrators,inherit=false,allowForAll=false]
2018-08-28 19:40:16.387 DEBUG content 8143 _a-0000e141-fcd0-8000-c17a-01ef9001ef90_46443 Begin transport.
2018-08-28 19:40:16.387 DEBUG content 8143 _a-0000e141-fcd0-8000-c17a-01ef9001ef90_46443 Retrieving object data.
2018-08-28 19:40:16.415 DEBUG content 8143 _a-0000e141-fcd0-8000-c17a-01ef9001ef90_46443 Setting uuids of object references.
2018-08-28 19:40:16.415 DEBUG content 8143 _a-0000e141-fcd0-8000-c17a-01ef9001ef90_46443 Processing reference: RulesFolder.forum
2018-08-28 19:40:16.416 DEBUG content 8143 _a-0000e141-fcd0-8000-c17a-01ef9001ef90_46443 Processing reference: RulesFolder.parent
2018-08-28 19:40:16.434 DEBUG content 8143 _a-0000e141-fcd0-8000-c17a-01ef9001ef90_46443 Processing reference: com.appiancorp.suiteapi.content.ContentRoleMap@79215175[
  ContentRole[name=readers,inherit=false,allowForAll=false]
  ContentRole[name=authors,inherit=false,allowForAll=false]
  ContentRole[name=administrators,inherit=false,allowForAll=false]
  ContentRole[name=denyReaders,inherit=false,allowForAll=false]
  ContentRole[name=denyAuthors,inherit=false,allowForAll=false]
  ContentRole[name=denyAdministrators,inherit=false,allowForAll=false]
  securityVector=1:SEC_PUBLIC=true,SEC_CREATOR_ADMIN=false,SEC_INH_ADMIN=false,SEC_INH_EDITOR=false,SEC_INH_VIEWER=false,SEC_ALL_ADMIN=false,SEC_ALL_EDITOR=false,SEC_ALL_VIEWER=false
]
2018-08-28 19:40:16.434 DEBUG content 8143 _a-0000e141-fcd0-8000-c17a-01ef9001ef90_46443 Processing reference: ContentRole[name=readers,inherit=false,allowForAll=false]
2018-08-28 19:40:16.434 DEBUG content 8143 _a-0000e141-fcd0-8000-c17a-01ef9001ef90_46443 Processing reference: ContentRole[name=authors,inherit=false,allowForAll=false]
2018-08-28 19:40:16.434 DEBUG content 8143 _a-0000e141-fcd0-8000-c17a-01ef9001ef90_46443 Processing reference: ContentRole[name=administrators,inherit=false,allowForAll=false]
2018-08-28 19:40:16.434 DEBUG content 8143 _a-0000e141-fcd0-8000-c17a-01ef9001ef90_46443 Processing reference: ContentRole[name=denyReaders,inherit=false,allowForAll=false]
2018-08-28 19:40:16.434 DEBUG content 8143 _a-0000e141-fcd0-8000-c17a-01ef9001ef90_46443 Processing reference: ContentRole[name=denyAuthors,inherit=false,allowForAll=false]
2018-08-28 19:40:16.434 DEBUG content 8143 _a-0000e141-fcd0-8000-c17a-01ef9001ef90_46443 Processing reference: ContentRole[name=denyAdministrators,inherit=false,allowForAll=false]
2018-08-28 19:40:16.434 DEBUG content 8143 _a-0000e141-fcd0-8000-c17a-01ef9001ef90_46443 Completing produce.
2018-08-28 19:40:16.434 DEBUG content 8143 _a-0000e141-fcd0-8000-c17a-01ef9001ef90_46443 Exporting binary resources.
2018-08-28 19:40:16.434 DEBUG content 8143 _a-0000e141-fcd0-8000-c17a-01ef9001ef90_46443 Serializing object to XML.
2018-08-28 19:40:16.443 DEBUG content 8143 _a-0000e141-fcd0-8000-c17a-01ef9001ef90_46443 Object transported.
2018-08-28 19:40:16.443 DEBUG content 8144 _a-0000e141-fcd0-8000-c17a-01ef9001ef90_46448 Begin transport.
2018-08-28 19:40:16.443 DEBUG content 8144 _a-0000e141-fcd0-8000-c17a-01ef9001ef90_46448 Retrieving object data.
2018-08-28 19:40:16.472 DEBUG content 8144 _a-0000e141-fcd0-8000-c17a-01ef9001ef90_46448 Setting uuids of object references.
2018-08-28 19:40:16.473 DEBUG content 8144 _a-0000e141-fcd0-8000-c17a-01ef9001ef90_46448 Processing reference: [Content:id=8144,versionId=-1,name=AO_rules,type=32,subtype=1,uuid=_a-0000e141-fcd0-8000-c17a-01ef9001ef90_46448,parent=8143]
2018-08-28 19:40:16.473 DEBUG content 8144 _a-0000e141-fcd0-8000-c17a-01ef9001ef90_46448 Processing reference: FreeformRule.forum
2018-08-28 19:40:16.474 DEBUG content 8144 _a-0000e141-fcd0-8000-c17a-01ef9001ef90_46448 Processing reference: FreeformRule.parent
2018-08-28 19:40:16.484 DEBUG content 8144 _a-0000e141-fcd0-8000-c17a-01ef9001ef90_46448 Processing reference: com.appiancorp.suiteapi.content.ContentRoleMap@239bb12b[
  ContentRole[name=readers,inherit=true,allowForAll=false]
  ContentRole[name=authors,inherit=true,allowForAll=false]
  ContentRole[name=administrators,inherit=true,allowForAll=false]
  ContentRole[name=denyReaders,inherit=false,allowForAll=false]
  ContentRole[name=denyAuthors,inherit=false,allowForAll=false]
  ContentRole[name=denyAdministrators,inherit=false,allowForAll=false]
  securityVector=15:SEC_PUBLIC=true,SEC_CREATOR_ADMIN=false,SEC_INH_ADMIN=true,SEC_INH_EDITOR=true,SEC_INH_VIEWER=true,SEC_ALL_ADMIN=false,SEC_ALL_EDITOR=false,SEC_ALL_VIEWER=false
]
2018-08-28 19:40:16.484 DEBUG content 8144 _a-0000e141-fcd0-8000-c17a-01ef9001ef90_46448 Processing reference: ContentRole[name=readers,inherit=true,allowForAll=false]
2018-08-28 19:40:16.484 DEBUG content 8144 _a-0000e141-fcd0-8000-c17a-01ef9001ef90_46448 Processing reference: ContentRole[name=authors,inherit=true,allowForAll=false]
2018-08-28 19:40:16.484 DEBUG content 8144 _a-0000e141-fcd0-8000-c17a-01ef9001ef90_46448 Processing reference: ContentRole[name=administrators,inherit=true,allowForAll=false]
2018-08-28 19:40:16.484 DEBUG content 8144 _a-0000e141-fcd0-8000-c17a-01ef9001ef90_46448 Processing reference: ContentRole[name=denyReaders,inherit=false,allowForAll=false]
2018-08-28 19:40:16.484 DEBUG content 8144 _a-0000e141-fcd0-8000-c17a-01ef9001ef90_46448 Processing reference: ContentRole[name=denyAuthors,inherit=false,allowForAll=false]
2018-08-28 19:40:16.484 DEBUG content 8144 _a-0000e141-fcd0-8000-c17a-01ef9001ef90_46448 Processing reference: ContentRole[name=denyAdministrators,inherit=false,allowForAll=false]
2018-08-28 19:40:16.484 DEBUG content 8144 _a-0000e141-fcd0-8000-c17a-01ef9001ef90_46448 Completing produce.
2018-08-28 19:40:16.484 DEBUG content 8144 _a-0000e141-fcd0-8000-c17a-01ef9001ef90_46448 Exporting binary resources.
2018-08-28 19:40:16.484 DEBUG content 8144 _a-0000e141-fcd0-8000-c17a-01ef9001ef90_46448 Serializing object to XML.
2018-08-28 19:40:16.496 DEBUG content 8144 _a-0000e141-fcd0-8000-c17a-01ef9001ef90_46448 Object transported.
2018-08-28 19:40:16.496 DEBUG application 8110 _a-0000e141-fcd0-8000-c17a-01ef9001ef90_46251 Completing produce.
2018-08-28 19:40:16.496 DEBUG application 8110 _a-0000e141-fcd0-8000-c17a-01ef9001ef90_46251 Exporting binary resources.
2018-08-28 19:40:16.496 DEBUG application 8110 _a-0000e141-fcd0-8000-c17a-01ef9001ef90_46251 Serializing object to XML.
2018-08-28 19:40:16.508 DEBUG application 8110 _a-0000e141-fcd0-8000-c17a-01ef9001ef90_46251 Object transported.
