Success (8):
datatype 2376 {urn:com:appian:types}TC_DataType "{urn:com:appian:types}TC_DataType"
dataStore 4185 _a-0000e139-5043-8000-f5fc-01ef9001ef90_22182 "TC Data Store"
content 4186 _a-0000e139-5043-8000-f5fc-01ef9001ef90_22188 "TC Rules"
content 4187 _a-0000e139-5043-8000-f5fc-01ef9001ef90_22193 "TC_rule"
content 4188 _a-0000e139-5043-8000-f5fc-01ef9001ef90_22200 "TC_interface"
application 4184 _a-0000e139-5043-8000-f5fc-01ef9001ef90_22176 "Test Content"
tempoReport 3 ee625c2d-5ae0-49cc-a078-65d8192bc975 "TC Report"
site 2 e8304176-740c-47fc-92cb-fdade398d6a9 "TC Site"

Trace:
2018-08-29 16:46:37.67 DEBUG application 4184 _a-0000e139-5043-8000-f5fc-01ef9001ef90_22176 Begin transport.
2018-08-29 16:46:37.67 DEBUG application 4184 _a-0000e139-5043-8000-f5fc-01ef9001ef90_22176 Retrieving object data.
2018-08-29 16:46:37.675 DEBUG application 4184 _a-0000e139-5043-8000-f5fc-01ef9001ef90_22176 App associated objects: [datatype=[{urn:com:appian:types}TC_DataType],dataStore=[_a-0000e139-5043-8000-f5fc-01ef9001ef90_22182],content=[_a-0000e139-5043-8000-f5fc-01ef9001ef90_22188, _a-0000e139-5043-8000-f5fc-01ef9001ef90_22193, _a-0000e139-5043-8000-f5fc-01ef9001ef90_22200],tempoReport=[ee625c2d-5ae0-49cc-a078-65d8192bc975],site=[e8304176-740c-47fc-92cb-fdade398d6a9]]
2018-08-29 16:46:37.684 DEBUG application 4184 _a-0000e139-5043-8000-f5fc-01ef9001ef90_22176 Invalid associated objects: []
2018-08-29 16:46:37.684 DEBUG application 4184 _a-0000e139-5043-8000-f5fc-01ef9001ef90_22176 Adding valid associated objects to be exported: GlobalBindingMap[datatype={{urn:com:appian:types}TC_DataType=2376},dataStore={_a-0000e139-5043-8000-f5fc-01ef9001ef90_22182=4185},content={_a-0000e139-5043-8000-f5fc-01ef9001ef90_22188=4186, _a-0000e139-5043-8000-f5fc-01ef9001ef90_22193=4187, _a-0000e139-5043-8000-f5fc-01ef9001ef90_22200=4188},tempoReport={ee625c2d-5ae0-49cc-a078-65d8192bc975=3},site={e8304176-740c-47fc-92cb-fdade398d6a9=2}]
2018-08-29 16:46:37.684 DEBUG application 4184 _a-0000e139-5043-8000-f5fc-01ef9001ef90_22176 Setting uuids of object references.
2018-08-29 16:46:37.686 DEBUG application 4184 _a-0000e139-5043-8000-f5fc-01ef9001ef90_22176 Processing reference: Application.forum
2018-08-29 16:46:37.686 DEBUG application 4184 _a-0000e139-5043-8000-f5fc-01ef9001ef90_22176 Processing reference: Application.parent
2018-08-29 16:46:37.69 DEBUG application 4184 _a-0000e139-5043-8000-f5fc-01ef9001ef90_22176 Processing reference: com.appiancorp.suiteapi.content.ContentRoleMap@7fa80fb0[
  ContentRole[name=readers,inherit=false,allowForAll=false]
  ContentRole[name=authors,inherit=false,allowForAll=false]
  ContentRole[name=administrators,inherit=false,allowForAll=false]
  ContentRole[name=denyReaders,inherit=false,allowForAll=false]
  ContentRole[name=denyAuthors,inherit=false,allowForAll=false]
  ContentRole[name=denyAdministrators,inherit=false,allowForAll=false]
  securityVector=1:SEC_PUBLIC=true,SEC_CREATOR_ADMIN=false,SEC_INH_ADMIN=false,SEC_INH_EDITOR=false,SEC_INH_VIEWER=false,SEC_ALL_ADMIN=false,SEC_ALL_EDITOR=false,SEC_ALL_VIEWER=false
]
2018-08-29 16:46:37.69 DEBUG application 4184 _a-0000e139-5043-8000-f5fc-01ef9001ef90_22176 Processing reference: ContentRole[name=readers,inherit=false,allowForAll=false]
2018-08-29 16:46:37.69 DEBUG application 4184 _a-0000e139-5043-8000-f5fc-01ef9001ef90_22176 Processing reference: ContentRole[name=authors,inherit=false,allowForAll=false]
2018-08-29 16:46:37.69 DEBUG application 4184 _a-0000e139-5043-8000-f5fc-01ef9001ef90_22176 Processing reference: ContentRole[name=administrators,inherit=false,allowForAll=false]
2018-08-29 16:46:37.69 DEBUG application 4184 _a-0000e139-5043-8000-f5fc-01ef9001ef90_22176 Processing reference: ContentRole[name=denyReaders,inherit=false,allowForAll=false]
2018-08-29 16:46:37.69 DEBUG application 4184 _a-0000e139-5043-8000-f5fc-01ef9001ef90_22176 Processing reference: ContentRole[name=denyAuthors,inherit=false,allowForAll=false]
2018-08-29 16:46:37.69 DEBUG application 4184 _a-0000e139-5043-8000-f5fc-01ef9001ef90_22176 Processing reference: ContentRole[name=denyAdministrators,inherit=false,allowForAll=false]
2018-08-29 16:46:37.69 DEBUG datatype 2376 {urn:com:appian:types}TC_DataType Begin transport.
2018-08-29 16:46:37.69 DEBUG datatype 2376 {urn:com:appian:types}TC_DataType Retrieving object data.
2018-08-29 16:46:37.878 DEBUG datatype 2376 {urn:com:appian:types}TC_DataType Setting uuids of object references.
2018-08-29 16:46:37.879 DEBUG datatype 2376 {urn:com:appian:types}TC_DataType Completing produce.
2018-08-29 16:46:37.879 DEBUG datatype 2376 {urn:com:appian:types}TC_DataType Exporting binary resources.
2018-08-29 16:46:37.879 DEBUG datatype 2376 {urn:com:appian:types}TC_DataType Serializing object to XML.
2018-08-29 16:46:37.885 DEBUG datatype 2376 {urn:com:appian:types}TC_DataType Object transported.
2018-08-29 16:46:37.888 DEBUG dataStore 4185 _a-0000e139-5043-8000-f5fc-01ef9001ef90_22182 Begin transport.
2018-08-29 16:46:37.888 DEBUG dataStore 4185 _a-0000e139-5043-8000-f5fc-01ef9001ef90_22182 Retrieving object data.
2018-08-29 16:46:37.893 DEBUG dataStore 4185 _a-0000e139-5043-8000-f5fc-01ef9001ef90_22182 Setting uuids of object references.
2018-08-29 16:46:37.893 DEBUG dataStore 4185 _a-0000e139-5043-8000-f5fc-01ef9001ef90_22182 Processing reference: ContentRole[name=administrators,inherit=false,allowForAll=false]
2018-08-29 16:46:37.893 DEBUG dataStore 4185 _a-0000e139-5043-8000-f5fc-01ef9001ef90_22182 Processing reference: ContentRole[name=authors,inherit=false,allowForAll=false]
2018-08-29 16:46:37.893 DEBUG dataStore 4185 _a-0000e139-5043-8000-f5fc-01ef9001ef90_22182 Processing reference: ContentRole[name=denyAdministrators,inherit=false,allowForAll=false]
2018-08-29 16:46:37.893 DEBUG dataStore 4185 _a-0000e139-5043-8000-f5fc-01ef9001ef90_22182 Processing reference: ContentRole[name=denyAuthors,inherit=false,allowForAll=false]
2018-08-29 16:46:37.893 DEBUG dataStore 4185 _a-0000e139-5043-8000-f5fc-01ef9001ef90_22182 Processing reference: ContentRole[name=denyReaders,inherit=false,allowForAll=false]
2018-08-29 16:46:37.893 DEBUG dataStore 4185 _a-0000e139-5043-8000-f5fc-01ef9001ef90_22182 Processing reference: ContentRole[name=readers,inherit=false,allowForAll=false]
2018-08-29 16:46:37.893 DEBUG dataStore 4185 _a-0000e139-5043-8000-f5fc-01ef9001ef90_22182 Completing produce.
2018-08-29 16:46:37.893 DEBUG dataStore 4185 _a-0000e139-5043-8000-f5fc-01ef9001ef90_22182 Exporting binary resources.
2018-08-29 16:46:37.893 DEBUG dataStore 4185 _a-0000e139-5043-8000-f5fc-01ef9001ef90_22182 Serializing object to XML.
2018-08-29 16:46:37.906 DEBUG dataStore 4185 _a-0000e139-5043-8000-f5fc-01ef9001ef90_22182 Object transported.
2018-08-29 16:46:37.909 DEBUG content 4186 _a-0000e139-5043-8000-f5fc-01ef9001ef90_22188 Begin transport.
2018-08-29 16:46:37.909 DEBUG content 4186 _a-0000e139-5043-8000-f5fc-01ef9001ef90_22188 Retrieving object data.
2018-08-29 16:46:37.919 DEBUG content 4186 _a-0000e139-5043-8000-f5fc-01ef9001ef90_22188 Setting uuids of object references.
2018-08-29 16:46:37.919 DEBUG content 4186 _a-0000e139-5043-8000-f5fc-01ef9001ef90_22188 Processing reference: RulesFolder.forum
2018-08-29 16:46:37.92 DEBUG content 4186 _a-0000e139-5043-8000-f5fc-01ef9001ef90_22188 Processing reference: RulesFolder.parent
2018-08-29 16:46:37.923 DEBUG content 4186 _a-0000e139-5043-8000-f5fc-01ef9001ef90_22188 Processing reference: com.appiancorp.suiteapi.content.ContentRoleMap@2fe26147[
  ContentRole[name=readers,inherit=false,allowForAll=false]
  ContentRole[name=authors,inherit=false,allowForAll=false]
  ContentRole[name=administrators,inherit=false,allowForAll=false]
  ContentRole[name=denyReaders,inherit=false,allowForAll=false]
  ContentRole[name=denyAuthors,inherit=false,allowForAll=false]
  ContentRole[name=denyAdministrators,inherit=false,allowForAll=false]
  securityVector=1:SEC_PUBLIC=true,SEC_CREATOR_ADMIN=false,SEC_INH_ADMIN=false,SEC_INH_EDITOR=false,SEC_INH_VIEWER=false,SEC_ALL_ADMIN=false,SEC_ALL_EDITOR=false,SEC_ALL_VIEWER=false
]
2018-08-29 16:46:37.923 DEBUG content 4186 _a-0000e139-5043-8000-f5fc-01ef9001ef90_22188 Processing reference: ContentRole[name=readers,inherit=false,allowForAll=false]
2018-08-29 16:46:37.923 DEBUG content 4186 _a-0000e139-5043-8000-f5fc-01ef9001ef90_22188 Processing reference: ContentRole[name=authors,inherit=false,allowForAll=false]
2018-08-29 16:46:37.924 DEBUG content 4186 _a-0000e139-5043-8000-f5fc-01ef9001ef90_22188 Processing reference: ContentRole[name=administrators,inherit=false,allowForAll=false]
2018-08-29 16:46:37.924 DEBUG content 4186 _a-0000e139-5043-8000-f5fc-01ef9001ef90_22188 Processing reference: ContentRole[name=denyReaders,inherit=false,allowForAll=false]
2018-08-29 16:46:37.924 DEBUG content 4186 _a-0000e139-5043-8000-f5fc-01ef9001ef90_22188 Processing reference: ContentRole[name=denyAuthors,inherit=false,allowForAll=false]
2018-08-29 16:46:37.924 DEBUG content 4186 _a-0000e139-5043-8000-f5fc-01ef9001ef90_22188 Processing reference: ContentRole[name=denyAdministrators,inherit=false,allowForAll=false]
2018-08-29 16:46:37.924 DEBUG content 4186 _a-0000e139-5043-8000-f5fc-01ef9001ef90_22188 Completing produce.
2018-08-29 16:46:37.924 DEBUG content 4186 _a-0000e139-5043-8000-f5fc-01ef9001ef90_22188 Exporting binary resources.
2018-08-29 16:46:37.924 DEBUG content 4186 _a-0000e139-5043-8000-f5fc-01ef9001ef90_22188 Serializing object to XML.
2018-08-29 16:46:37.932 DEBUG content 4186 _a-0000e139-5043-8000-f5fc-01ef9001ef90_22188 Object transported.
2018-08-29 16:46:37.932 DEBUG content 4187 _a-0000e139-5043-8000-f5fc-01ef9001ef90_22193 Begin transport.
2018-08-29 16:46:37.932 DEBUG content 4187 _a-0000e139-5043-8000-f5fc-01ef9001ef90_22193 Retrieving object data.
2018-08-29 16:46:37.946 DEBUG content 4187 _a-0000e139-5043-8000-f5fc-01ef9001ef90_22193 Setting uuids of object references.
2018-08-29 16:46:37.946 DEBUG content 4187 _a-0000e139-5043-8000-f5fc-01ef9001ef90_22193 Processing reference: [Content:id=4187,versionId=-1,name=TC_rule,type=32,subtype=1,uuid=_a-0000e139-5043-8000-f5fc-01ef9001ef90_22193,parent=4186]
2018-08-29 16:46:37.946 DEBUG content 4187 _a-0000e139-5043-8000-f5fc-01ef9001ef90_22193 Processing reference: FreeformRule.forum
2018-08-29 16:46:37.947 DEBUG content 4187 _a-0000e139-5043-8000-f5fc-01ef9001ef90_22193 Processing reference: FreeformRule.parent
2018-08-29 16:46:37.95 DEBUG content 4187 _a-0000e139-5043-8000-f5fc-01ef9001ef90_22193 Processing reference: com.appiancorp.suiteapi.content.ContentRoleMap@7cafa61[
  ContentRole[name=readers,inherit=true,allowForAll=false]
  ContentRole[name=authors,inherit=true,allowForAll=false]
  ContentRole[name=administrators,inherit=true,allowForAll=false]
  ContentRole[name=denyReaders,inherit=false,allowForAll=false]
  ContentRole[name=denyAuthors,inherit=false,allowForAll=false]
  ContentRole[name=denyAdministrators,inherit=false,allowForAll=false]
  securityVector=15:SEC_PUBLIC=true,SEC_CREATOR_ADMIN=false,SEC_INH_ADMIN=true,SEC_INH_EDITOR=true,SEC_INH_VIEWER=true,SEC_ALL_ADMIN=false,SEC_ALL_EDITOR=false,SEC_ALL_VIEWER=false
]
2018-08-29 16:46:37.95 DEBUG content 4187 _a-0000e139-5043-8000-f5fc-01ef9001ef90_22193 Processing reference: ContentRole[name=readers,inherit=true,allowForAll=false]
2018-08-29 16:46:37.95 DEBUG content 4187 _a-0000e139-5043-8000-f5fc-01ef9001ef90_22193 Processing reference: ContentRole[name=authors,inherit=true,allowForAll=false]
2018-08-29 16:46:37.95 DEBUG content 4187 _a-0000e139-5043-8000-f5fc-01ef9001ef90_22193 Processing reference: ContentRole[name=administrators,inherit=true,allowForAll=false]
2018-08-29 16:46:37.95 DEBUG content 4187 _a-0000e139-5043-8000-f5fc-01ef9001ef90_22193 Processing reference: ContentRole[name=denyReaders,inherit=false,allowForAll=false]
2018-08-29 16:46:37.95 DEBUG content 4187 _a-0000e139-5043-8000-f5fc-01ef9001ef90_22193 Processing reference: ContentRole[name=denyAuthors,inherit=false,allowForAll=false]
2018-08-29 16:46:37.95 DEBUG content 4187 _a-0000e139-5043-8000-f5fc-01ef9001ef90_22193 Processing reference: ContentRole[name=denyAdministrators,inherit=false,allowForAll=false]
2018-08-29 16:46:37.95 DEBUG content 4187 _a-0000e139-5043-8000-f5fc-01ef9001ef90_22193 Completing produce.
2018-08-29 16:46:37.95 DEBUG content 4187 _a-0000e139-5043-8000-f5fc-01ef9001ef90_22193 Exporting binary resources.
2018-08-29 16:46:37.95 DEBUG content 4187 _a-0000e139-5043-8000-f5fc-01ef9001ef90_22193 Serializing object to XML.
2018-08-29 16:46:37.964 DEBUG content 4187 _a-0000e139-5043-8000-f5fc-01ef9001ef90_22193 Object transported.
2018-08-29 16:46:37.964 DEBUG content 4188 _a-0000e139-5043-8000-f5fc-01ef9001ef90_22200 Begin transport.
2018-08-29 16:46:37.964 DEBUG content 4188 _a-0000e139-5043-8000-f5fc-01ef9001ef90_22200 Retrieving object data.
2018-08-29 16:46:37.977 DEBUG content 4188 _a-0000e139-5043-8000-f5fc-01ef9001ef90_22200 Setting uuids of object references.
2018-08-29 16:46:37.977 DEBUG content 4188 _a-0000e139-5043-8000-f5fc-01ef9001ef90_22200 Processing reference: [Content:id=4188,versionId=-1,name=TC_interface,type=32,subtype=1,uuid=_a-0000e139-5043-8000-f5fc-01ef9001ef90_22200,parent=4186]
2018-08-29 16:46:37.977 DEBUG content 4188 _a-0000e139-5043-8000-f5fc-01ef9001ef90_22200 Processing reference: FreeformRule.forum
2018-08-29 16:46:37.978 DEBUG content 4188 _a-0000e139-5043-8000-f5fc-01ef9001ef90_22200 Processing reference: FreeformRule.parent
2018-08-29 16:46:37.984 DEBUG content 4188 _a-0000e139-5043-8000-f5fc-01ef9001ef90_22200 Processing reference: com.appiancorp.suiteapi.content.ContentRoleMap@190962eb[
  ContentRole[name=readers,inherit=true,allowForAll=false]
  ContentRole[name=authors,inherit=true,allowForAll=false]
  ContentRole[name=administrators,inherit=true,allowForAll=false]
  ContentRole[name=denyReaders,inherit=false,allowForAll=false]
  ContentRole[name=denyAuthors,inherit=false,allowForAll=false]
  ContentRole[name=denyAdministrators,inherit=false,allowForAll=false]
  securityVector=15:SEC_PUBLIC=true,SEC_CREATOR_ADMIN=false,SEC_INH_ADMIN=true,SEC_INH_EDITOR=true,SEC_INH_VIEWER=true,SEC_ALL_ADMIN=false,SEC_ALL_EDITOR=false,SEC_ALL_VIEWER=false
]
2018-08-29 16:46:37.984 DEBUG content 4188 _a-0000e139-5043-8000-f5fc-01ef9001ef90_22200 Processing reference: ContentRole[name=readers,inherit=true,allowForAll=false]
2018-08-29 16:46:37.984 DEBUG content 4188 _a-0000e139-5043-8000-f5fc-01ef9001ef90_22200 Processing reference: ContentRole[name=authors,inherit=true,allowForAll=false]
2018-08-29 16:46:37.984 DEBUG content 4188 _a-0000e139-5043-8000-f5fc-01ef9001ef90_22200 Processing reference: ContentRole[name=administrators,inherit=true,allowForAll=false]
2018-08-29 16:46:37.984 DEBUG content 4188 _a-0000e139-5043-8000-f5fc-01ef9001ef90_22200 Processing reference: ContentRole[name=denyReaders,inherit=false,allowForAll=false]
2018-08-29 16:46:37.984 DEBUG content 4188 _a-0000e139-5043-8000-f5fc-01ef9001ef90_22200 Processing reference: ContentRole[name=denyAuthors,inherit=false,allowForAll=false]
2018-08-29 16:46:37.984 DEBUG content 4188 _a-0000e139-5043-8000-f5fc-01ef9001ef90_22200 Processing reference: ContentRole[name=denyAdministrators,inherit=false,allowForAll=false]
2018-08-29 16:46:37.984 DEBUG content 4188 _a-0000e139-5043-8000-f5fc-01ef9001ef90_22200 Completing produce.
2018-08-29 16:46:37.984 DEBUG content 4188 _a-0000e139-5043-8000-f5fc-01ef9001ef90_22200 Exporting binary resources.
2018-08-29 16:46:37.984 DEBUG content 4188 _a-0000e139-5043-8000-f5fc-01ef9001ef90_22200 Serializing object to XML.
2018-08-29 16:46:37.996 DEBUG content 4188 _a-0000e139-5043-8000-f5fc-01ef9001ef90_22200 Object transported.
2018-08-29 16:46:37.999 DEBUG tempoReport 3 ee625c2d-5ae0-49cc-a078-65d8192bc975 Begin transport.
2018-08-29 16:46:37.999 DEBUG tempoReport 3 ee625c2d-5ae0-49cc-a078-65d8192bc975 Retrieving object data.
2018-08-29 16:46:38.017 DEBUG tempoReport 3 ee625c2d-5ae0-49cc-a078-65d8192bc975 Setting uuids of object references.
2018-08-29 16:46:38.017 DEBUG tempoReport 3 ee625c2d-5ae0-49cc-a078-65d8192bc975 Processing reference: UiContainer.uiExpr
2018-08-29 16:46:38.023 DEBUG tempoReport 3 ee625c2d-5ae0-49cc-a078-65d8192bc975 Completing produce.
2018-08-29 16:46:38.023 DEBUG tempoReport 3 ee625c2d-5ae0-49cc-a078-65d8192bc975 Exporting binary resources.
2018-08-29 16:46:38.023 DEBUG tempoReport 3 ee625c2d-5ae0-49cc-a078-65d8192bc975 Serializing object to XML.
2018-08-29 16:46:38.034 DEBUG tempoReport 3 ee625c2d-5ae0-49cc-a078-65d8192bc975 Object transported.
2018-08-29 16:46:38.037 DEBUG site 2 e8304176-740c-47fc-92cb-fdade398d6a9 Begin transport.
2018-08-29 16:46:38.037 DEBUG site 2 e8304176-740c-47fc-92cb-fdade398d6a9 Retrieving object data.
2018-08-29 16:46:38.054 DEBUG site 2 e8304176-740c-47fc-92cb-fdade398d6a9 Setting uuids of object references.
2018-08-29 16:46:38.055 DEBUG site 2 e8304176-740c-47fc-92cb-fdade398d6a9 Processing reference: SiteTemplate.accentColorExpr
2018-08-29 16:46:38.055 DEBUG site 2 e8304176-740c-47fc-92cb-fdade398d6a9 Processing reference: SiteTemplate.faviconExpr
2018-08-29 16:46:38.055 DEBUG site 2 e8304176-740c-47fc-92cb-fdade398d6a9 Processing reference: SiteTemplate.faviconRef
2018-08-29 16:46:38.055 DEBUG site 2 e8304176-740c-47fc-92cb-fdade398d6a9 Processing reference: SiteTemplate.headerBackgroundColorExpr
2018-08-29 16:46:38.055 DEBUG site 2 e8304176-740c-47fc-92cb-fdade398d6a9 Processing reference: SiteTemplate.logoExpr
2018-08-29 16:46:38.055 DEBUG site 2 e8304176-740c-47fc-92cb-fdade398d6a9 Processing reference: SiteTemplate.logoRef
2018-08-29 16:46:38.055 DEBUG site 2 e8304176-740c-47fc-92cb-fdade398d6a9 Processing reference: SitePage.visibilityExpr
2018-08-29 16:46:38.055 DEBUG site 2 e8304176-740c-47fc-92cb-fdade398d6a9 Processing reference: SiteTemplate.selectedTabBackgroundColorExpr
2018-08-29 16:46:38.055 DEBUG site 2 e8304176-740c-47fc-92cb-fdade398d6a9 Processing reference: SiteTemplate.tempoLinkViewerRefsFromUuids
2018-08-29 16:46:38.055 DEBUG site 2 e8304176-740c-47fc-92cb-fdade398d6a9 Completing produce.
2018-08-29 16:46:38.055 DEBUG site 2 e8304176-740c-47fc-92cb-fdade398d6a9 Exporting binary resources.
2018-08-29 16:46:38.055 DEBUG site 2 e8304176-740c-47fc-92cb-fdade398d6a9 Serializing object to XML.
2018-08-29 16:46:38.149 DEBUG site 2 e8304176-740c-47fc-92cb-fdade398d6a9 Object transported.
2018-08-29 16:46:38.149 DEBUG application 4184 _a-0000e139-5043-8000-f5fc-01ef9001ef90_22176 Completing produce.
2018-08-29 16:46:38.149 DEBUG application 4184 _a-0000e139-5043-8000-f5fc-01ef9001ef90_22176 Exporting binary resources.
2018-08-29 16:46:38.149 DEBUG application 4184 _a-0000e139-5043-8000-f5fc-01ef9001ef90_22176 Serializing object to XML.
2018-08-29 16:46:38.16 DEBUG application 4184 _a-0000e139-5043-8000-f5fc-01ef9001ef90_22176 Object transported.
